{
  "stats": {
    "suites": 1,
    "tests": 2,
    "passes": 2,
    "pending": 0,
    "failures": 0,
    "start": "2021-11-21T19:32:24.980Z",
    "end": "2021-11-21T19:32:32.366Z",
    "duration": 7386,
    "testsRegistered": 2,
    "passPercent": 100,
    "pendingPercent": 0,
    "other": 0,
    "hasOther": false,
    "skipped": 0,
    "hasSkipped": false
  },
  "results": [
    {
      "uuid": "265d31c9-0664-4129-ac6e-4bd51d20c345",
      "title": "",
      "fullFile": "",
      "file": "",
      "beforeHooks": [],
      "afterHooks": [],
      "tests": [],
      "suites": [
        {
          "uuid": "3903c412-4d37-4557-a989-b6dfe4d751c8",
          "title": "KTC search automated testing",
          "fullFile": "C:\\Users\\Vitaliy\\Desktop\\WebstormProjects\\selenium-testing\\test\\index.js",
          "file": "\\test\\index.js",
          "beforeHooks": [
            {
              "title": "\"before each\" hook in \"KTC search automated testing\"",
              "fullTitle": "KTC search automated testing \"before each\" hook in \"KTC search automated testing\"",
              "timedOut": false,
              "duration": 2580,
              "state": null,
              "speed": null,
              "pass": false,
              "fail": false,
              "pending": false,
              "context": null,
              "code": "page = new Page();\ndriver = page.driver;\nawait page.visit('https://ktc.ua/');",
              "err": {},
              "uuid": "744babfe-51e9-44a4-8563-e2525481c082",
              "parentUUID": "3903c412-4d37-4557-a989-b6dfe4d751c8",
              "isHook": true,
              "skipped": false
            }
          ],
          "afterHooks": [
            {
              "title": "\"after each\" hook in \"KTC search automated testing\"",
              "fullTitle": "KTC search automated testing \"after each\" hook in \"KTC search automated testing\"",
              "timedOut": false,
              "duration": 655,
              "state": null,
              "speed": null,
              "pass": false,
              "fail": false,
              "pending": false,
              "context": null,
              "code": "await page.quit();",
              "err": {},
              "uuid": "18abaa6a-c8ca-4f5e-b259-84bdf634d14d",
              "parentUUID": "3903c412-4d37-4557-a989-b6dfe4d751c8",
              "isHook": true,
              "skipped": false
            }
          ],
          "tests": [
            {
              "title": "set 'навушники' as search string properly",
              "fullTitle": "KTC search automated testing set 'навушники' as search string properly",
              "timedOut": false,
              "duration": 343,
              "state": "passed",
              "speed": "slow",
              "pass": true,
              "fail": false,
              "pending": false,
              "context": null,
              "code": "const searchWord = \"навушники\"\nconst searchField = await page.findByName(\"q\")\nawait searchField.sendKeys(searchWord)\nconst fieldValue = await searchField.getAttribute(\"value\")\nexpect(fieldValue).to.equal(searchWord)\n/*  const result = await page.findInputAndButton();\n  expect(result.inputEnabled).to.equal(true);\n  expect(result.buttonText).to.include('Google');*/",
              "err": {},
              "uuid": "64103d44-284b-4600-bde8-f477a2e2243e",
              "parentUUID": "3903c412-4d37-4557-a989-b6dfe4d751c8",
              "isHook": false,
              "skipped": false
            },
            {
              "title": "search 'навушники' properly",
              "fullTitle": "KTC search automated testing search 'навушники' properly",
              "timedOut": false,
              "duration": 1261,
              "state": "passed",
              "speed": "slow",
              "pass": true,
              "fail": false,
              "pending": false,
              "context": null,
              "code": "const searchWord = \"навушники\"\nconst searchField = await page.findByName(\"q\")\nawait searchField.sendKeys(searchWord)\nconst searchButton = await page.findByXpath(\"//button[contains(text(),'Пошук')]\")\nawait searchButton.click()\nconst products = await page.findMultipleByClassName('loop__container')\nproducts.forEach(async (product) => {\n  const text = await product.getText()\n  console.log('text');\n  console.log(text);\n  expect(text).to.equal(searchWord)\n})",
              "err": {},
              "uuid": "26078f63-0804-4b2e-9194-aa20098bb771",
              "parentUUID": "3903c412-4d37-4557-a989-b6dfe4d751c8",
              "isHook": false,
              "skipped": false
            }
          ],
          "suites": [],
          "passes": [
            "64103d44-284b-4600-bde8-f477a2e2243e",
            "26078f63-0804-4b2e-9194-aa20098bb771"
          ],
          "failures": [],
          "pending": [],
          "skipped": [],
          "duration": 1604,
          "root": false,
          "rootEmpty": false,
          "_timeout": 50000
        }
      ],
      "passes": [],
      "failures": [],
      "pending": [],
      "skipped": [],
      "duration": 0,
      "root": true,
      "rootEmpty": true,
      "_timeout": 2000
    }
  ],
  "meta": {
    "mocha": {
      "version": "9.1.3"
    },
    "mochawesome": {
      "options": {
        "quiet": false,
        "reportFilename": "mochawesome",
        "saveHtml": true,
        "saveJson": true,
        "consoleReporter": "spec",
        "useInlineDiffs": false,
        "code": true
      },
      "version": "7.0.1"
    },
    "marge": {
      "options": {
        "autoOpen": "true"
      },
      "version": "6.0.1"
    }
  }
}