{
  "stats": {
    "suites": 1,
    "tests": 3,
    "passes": 1,
    "pending": 0,
    "failures": 2,
    "start": "2021-12-01T19:38:21.456Z",
    "end": "2021-12-01T19:38:31.030Z",
    "duration": 9574,
    "testsRegistered": 3,
    "passPercent": 33.33333333333333,
    "pendingPercent": 0,
    "other": 0,
    "hasOther": false,
    "skipped": 0,
    "hasSkipped": false
  },
  "results": [
    {
      "uuid": "966afd0e-fa70-4ebc-ac97-99f37c2694e8",
      "title": "",
      "fullFile": "",
      "file": "",
      "beforeHooks": [],
      "afterHooks": [],
      "tests": [],
      "suites": [
        {
          "uuid": "1a60a1a2-a79b-4a21-b0ef-905cb4d281af",
          "title": "KTC search automated testing",
          "fullFile": "E:\\WebstormProjects\\selenium-testing\\test\\index.js",
          "file": "\\test\\index.js",
          "beforeHooks": [
            {
              "title": "\"before each\" hook in \"KTC search automated testing\"",
              "fullTitle": "KTC search automated testing \"before each\" hook in \"KTC search automated testing\"",
              "timedOut": false,
              "duration": 2467,
              "state": null,
              "speed": null,
              "pass": false,
              "fail": false,
              "pending": false,
              "context": null,
              "code": "page = new Page();\ndriver = page.driver;\nawait page.visit('https://ktc.ua/');",
              "err": {},
              "uuid": "0a3ce5f8-38f5-400a-9abe-64cbf012075d",
              "parentUUID": "1a60a1a2-a79b-4a21-b0ef-905cb4d281af",
              "isHook": true,
              "skipped": false
            }
          ],
          "afterHooks": [
            {
              "title": "\"after each\" hook in \"KTC search automated testing\"",
              "fullTitle": "KTC search automated testing \"after each\" hook in \"KTC search automated testing\"",
              "timedOut": false,
              "duration": 53,
              "state": null,
              "speed": null,
              "pass": false,
              "fail": false,
              "pending": false,
              "context": null,
              "code": "await page.quit();",
              "err": {},
              "uuid": "6d296285-40f0-45c4-a056-1a974fc77c37",
              "parentUUID": "1a60a1a2-a79b-4a21-b0ef-905cb4d281af",
              "isHook": true,
              "skipped": false
            }
          ],
          "tests": [
            {
              "title": "set 'навушники' as search string properly",
              "fullTitle": "KTC search automated testing set 'навушники' as search string properly",
              "timedOut": false,
              "duration": 380,
              "state": "passed",
              "speed": "slow",
              "pass": true,
              "fail": false,
              "pending": false,
              "context": null,
              "code": "const searchWord = \"Навушники\"\nawait page.setSearchFieldValue(searchWord)\nconst fieldValue = await page.getSearchFieldValue()\nexpect(fieldValue).to.equal(searchWord)",
              "err": {},
              "uuid": "f1af7cd4-ba78-47d4-ac84-8110b1d120f7",
              "parentUUID": "1a60a1a2-a79b-4a21-b0ef-905cb4d281af",
              "isHook": false,
              "skipped": false
            },
            {
              "title": "search 'навушники' properly",
              "fullTitle": "KTC search automated testing search 'навушники' properly",
              "timedOut": false,
              "duration": 330,
              "state": "failed",
              "speed": null,
              "pass": false,
              "fail": true,
              "pending": false,
              "context": null,
              "code": "const searchWord = \"Навушники\"\nawait page.setSearchFieldValue(searchWord)\nawait page.triggerSearchButtonClick()\nconst products = await page.getProductsArray()\nfor (let i = 0; i < products.length; i++) {\n  const text = await products[i].getText()\n  expect(text).to.contain(searchWord)\n}",
              "err": {
                "message": "TypeError: this.getProducts is not a constructor",
                "estack": "TypeError: this.getProducts is not a constructor\n    at MainPage.getProductsArray (pageObjects\\mainPageObject.js:25:18)\n    at Context.<anonymous> (test\\index.js:36:37)\n    at processTicksAndRejections (internal/process/task_queues.js:93:5)",
                "diff": null
              },
              "uuid": "b8ad010d-c937-4d79-8e4c-53ac69f60079",
              "parentUUID": "1a60a1a2-a79b-4a21-b0ef-905cb4d281af",
              "isHook": false,
              "skipped": false
            },
            {
              "title": "it filters products",
              "fullTitle": "KTC search automated testing it filters products",
              "timedOut": false,
              "duration": 1547,
              "state": "failed",
              "speed": null,
              "pass": false,
              "fail": true,
              "pending": false,
              "context": null,
              "code": "const searchWord = \"Навушники\"\nconst filterText = '1more'\nawait page.setSearchFieldValue(searchWord)\nawait page.triggerSearchButtonClick()\nconst checkbox = await page.selectFilterCheckbox()\nconst filterElemText = await checkbox.getText()\nexpect(filterElemText).to.contain(filterText)\nconst products = await page.getProductsArray()\nfor (let i = 0; i < products.length; i++) {\n  const text = await products[i].getText()\n  expect(text).to.contain(filterText)\n}",
              "err": {
                "message": "TypeError: this.getProducts is not a constructor",
                "estack": "TypeError: this.getProducts is not a constructor\n    at MainPage.getProductsArray (pageObjects\\mainPageObject.js:25:18)\n    at Context.<anonymous> (test\\index.js:51:37)\n    at processTicksAndRejections (internal/process/task_queues.js:93:5)",
                "diff": null
              },
              "uuid": "1357ee82-376a-4c2d-a336-984d26685375",
              "parentUUID": "1a60a1a2-a79b-4a21-b0ef-905cb4d281af",
              "isHook": false,
              "skipped": false
            }
          ],
          "suites": [],
          "passes": [
            "f1af7cd4-ba78-47d4-ac84-8110b1d120f7"
          ],
          "failures": [
            "b8ad010d-c937-4d79-8e4c-53ac69f60079",
            "1357ee82-376a-4c2d-a336-984d26685375"
          ],
          "pending": [],
          "skipped": [],
          "duration": 2257,
          "root": false,
          "rootEmpty": false,
          "_timeout": 50000
        }
      ],
      "passes": [],
      "failures": [],
      "pending": [],
      "skipped": [],
      "duration": 0,
      "root": true,
      "rootEmpty": true,
      "_timeout": 2000
    }
  ],
  "meta": {
    "mocha": {
      "version": "9.1.3"
    },
    "mochawesome": {
      "options": {
        "quiet": false,
        "reportFilename": "mochawesome",
        "saveHtml": true,
        "saveJson": true,
        "consoleReporter": "spec",
        "useInlineDiffs": false,
        "code": true
      },
      "version": "7.0.1"
    },
    "marge": {
      "options": {
        "autoOpen": "true"
      },
      "version": "6.0.1"
    }
  }
}