{
  "stats": {
    "suites": 1,
    "tests": 3,
    "passes": 3,
    "pending": 0,
    "failures": 0,
    "start": "2021-12-01T15:39:19.722Z",
    "end": "2021-12-01T15:39:30.034Z",
    "duration": 10312,
    "testsRegistered": 3,
    "passPercent": 100,
    "pendingPercent": 0,
    "other": 0,
    "hasOther": false,
    "skipped": 0,
    "hasSkipped": false
  },
  "results": [
    {
      "uuid": "91514b87-2464-49ce-bf3a-067cbc5afcae",
      "title": "",
      "fullFile": "",
      "file": "",
      "beforeHooks": [],
      "afterHooks": [],
      "tests": [],
      "suites": [
        {
          "uuid": "72f4f305-30b8-4021-988f-5ef6518c5d27",
          "title": "KTC search automated testing",
          "fullFile": "E:\\WebstormProjects\\selenium-testing\\test\\index.js",
          "file": "\\test\\index.js",
          "beforeHooks": [
            {
              "title": "\"before each\" hook in \"KTC search automated testing\"",
              "fullTitle": "KTC search automated testing \"before each\" hook in \"KTC search automated testing\"",
              "timedOut": false,
              "duration": 2770,
              "state": null,
              "speed": null,
              "pass": false,
              "fail": false,
              "pending": false,
              "context": null,
              "code": "page = new Page();\ndriver = page.driver;\nawait page.visit('https://ktc.ua/');",
              "err": {},
              "uuid": "2caca04c-6ec1-4fdd-b966-93263d3bfa17",
              "parentUUID": "72f4f305-30b8-4021-988f-5ef6518c5d27",
              "isHook": true,
              "skipped": false
            }
          ],
          "afterHooks": [
            {
              "title": "\"after each\" hook in \"KTC search automated testing\"",
              "fullTitle": "KTC search automated testing \"after each\" hook in \"KTC search automated testing\"",
              "timedOut": false,
              "duration": 104,
              "state": null,
              "speed": null,
              "pass": false,
              "fail": false,
              "pending": false,
              "context": null,
              "code": "await page.quit();",
              "err": {},
              "uuid": "d7d55039-2703-47ed-84f6-b95254bf4f2b",
              "parentUUID": "72f4f305-30b8-4021-988f-5ef6518c5d27",
              "isHook": true,
              "skipped": false
            }
          ],
          "tests": [
            {
              "title": "set 'навушники' as search string properly",
              "fullTitle": "KTC search automated testing set 'навушники' as search string properly",
              "timedOut": false,
              "duration": 598,
              "state": "passed",
              "speed": "slow",
              "pass": true,
              "fail": false,
              "pending": false,
              "context": null,
              "code": "const searchWord = \"навушники\"\nawait page.setSearchFieldValue(searchWord)\nconst fieldValue = await page.getSearchFieldValue()\nexpect(fieldValue).to.equal(searchWord)",
              "err": {},
              "uuid": "6a7bd95a-bac4-465d-a6ea-129dc46abb76",
              "parentUUID": "72f4f305-30b8-4021-988f-5ef6518c5d27",
              "isHook": false,
              "skipped": false
            },
            {
              "title": "search 'навушники' properly",
              "fullTitle": "KTC search automated testing search 'навушники' properly",
              "timedOut": false,
              "duration": 540,
              "state": "passed",
              "speed": "slow",
              "pass": true,
              "fail": false,
              "pending": false,
              "context": null,
              "code": "const searchWord = \"навушники\"\nawait page.setSearchFieldValue(searchWord)\nawait page.triggerSearchButtonClick()\npage.getProductsTextArray()\n  .then((productsText) => {\n    productsText.forEach((text) => {\n      expect(text).to.equal(searchWord)\n    })\n  })",
              "err": {},
              "uuid": "4d99b4e8-ceba-4303-8a5b-748ec0066448",
              "parentUUID": "72f4f305-30b8-4021-988f-5ef6518c5d27",
              "isHook": false,
              "skipped": false
            },
            {
              "title": "it filters products",
              "fullTitle": "KTC search automated testing it filters products",
              "timedOut": false,
              "duration": 572,
              "state": "passed",
              "speed": "slow",
              "pass": true,
              "fail": false,
              "pending": false,
              "context": null,
              "code": "const searchWord = \"навушники\"\nawait page.setSearchFieldValue(searchWord)\nawait page.triggerSearchButtonClick()\nawait page.selectFilterCheckbox(0)\nexpect(true).to.equal(true)",
              "err": {},
              "uuid": "bae39e69-2739-4b8c-8ac7-d173fd623141",
              "parentUUID": "72f4f305-30b8-4021-988f-5ef6518c5d27",
              "isHook": false,
              "skipped": false
            }
          ],
          "suites": [],
          "passes": [
            "6a7bd95a-bac4-465d-a6ea-129dc46abb76",
            "4d99b4e8-ceba-4303-8a5b-748ec0066448",
            "bae39e69-2739-4b8c-8ac7-d173fd623141"
          ],
          "failures": [],
          "pending": [],
          "skipped": [],
          "duration": 1710,
          "root": false,
          "rootEmpty": false,
          "_timeout": 50000
        }
      ],
      "passes": [],
      "failures": [],
      "pending": [],
      "skipped": [],
      "duration": 0,
      "root": true,
      "rootEmpty": true,
      "_timeout": 2000
    }
  ],
  "meta": {
    "mocha": {
      "version": "9.1.3"
    },
    "mochawesome": {
      "options": {
        "quiet": false,
        "reportFilename": "mochawesome",
        "saveHtml": true,
        "saveJson": true,
        "consoleReporter": "spec",
        "useInlineDiffs": false,
        "code": true
      },
      "version": "7.0.1"
    },
    "marge": {
      "options": {
        "autoOpen": "true"
      },
      "version": "6.0.1"
    }
  }
}